[0.024s] Invoking command in '/home/lrs-ubuntu/Desktop/LRS/LRS-FEI/workspace/build/template_drone_control': CMAKE_PREFIX_PATH=/opt/ros/foxy /usr/bin/cmake --build /home/lrs-ubuntu/Desktop/LRS/LRS-FEI/workspace/build/template_drone_control -- -j12 -l12
[0.090s] [35m[1mScanning dependencies of target template_drone_control_node[0m
[0.133s] [ 50%] [32mBuilding CXX object CMakeFiles/template_drone_control_node.dir/src/template_drone_control_node.cpp.o[0m
[5.403s] /home/lrs-ubuntu/Desktop/LRS/LRS-FEI/workspace/src/template_drone_control/src/template_drone_control_node.cpp: In constructor â€˜TemplateDroneControl::TemplateDroneControl()â€™:
[5.403s] /home/lrs-ubuntu/Desktop/LRS/LRS-FEI/workspace/src/template_drone_control/src/template_drone_control_node.cpp:48:27: error: expected primary-expression before â€˜;â€™ token
[5.403s]    48 |         set_armed.value = ;
[5.403s]       |                           ^
[5.403s] /home/lrs-ubuntu/Desktop/LRS/LRS-FEI/workspace/src/template_drone_control/src/template_drone_control_node.cpp:49:42: error: â€˜async_send_requestâ€™ was not declared in this scope; did you mean â€˜rmw_send_requestâ€™?
[5.403s]    49 |         auto result_arm = arming_client_>async_send_request(std::make_shared<mavros_msgs::srv::CommandBool::Request>(set_armed));
[5.403s]       |                                          ^~~~~~~~~~~~~~~~~~
[5.403s]       |                                          rmw_send_request
[5.404s] make[2]: *** [CMakeFiles/template_drone_control_node.dir/build.make:63: CMakeFiles/template_drone_control_node.dir/src/template_drone_control_node.cpp.o] Error 1
[5.404s] make[1]: *** [CMakeFiles/Makefile2:105: CMakeFiles/template_drone_control_node.dir/all] Error 2
[5.404s] make: *** [Makefile:141: all] Error 2
[5.410s] Invoked command in '/home/lrs-ubuntu/Desktop/LRS/LRS-FEI/workspace/build/template_drone_control' returned '2': CMAKE_PREFIX_PATH=/opt/ros/foxy /usr/bin/cmake --build /home/lrs-ubuntu/Desktop/LRS/LRS-FEI/workspace/build/template_drone_control -- -j12 -l12
