[35m[1mScanning dependencies of target template_drone_control_node[0m
[ 50%] [32mBuilding CXX object CMakeFiles/template_drone_control_node.dir/src/template_drone_control_node.cpp.o[0m
/home/lrs-ubuntu/Desktop/LRS/LRS-FEI/workspace/src/template_drone_control/src/template_drone_control_node.cpp: In lambda function:
/home/lrs-ubuntu/Desktop/LRS/LRS-FEI/workspace/src/template_drone_control/src/template_drone_control_node.cpp:157:16: error: expected â€˜{â€™ before â€˜=â€™ token
  157 |         [x, y] = transform_global_to_local(x, y);
      |                ^
/home/lrs-ubuntu/Desktop/LRS/LRS-FEI/workspace/src/template_drone_control/src/template_drone_control_node.cpp: In member function â€˜void TemplateDroneControl::send_position_command(float, float, float, float)â€™:
/home/lrs-ubuntu/Desktop/LRS/LRS-FEI/workspace/src/template_drone_control/src/template_drone_control_node.cpp:157:48: error: no match for â€˜operator=â€™ (operand types are â€˜TemplateDroneControl::send_position_command(float, float, float, float)::<lambda()>â€™ and â€˜std::tuple<float, float>â€™)
  157 |         [x, y] = transform_global_to_local(x, y);
      |                                                ^
/home/lrs-ubuntu/Desktop/LRS/LRS-FEI/workspace/src/template_drone_control/src/template_drone_control_node.cpp:157:14: note: candidate: â€˜TemplateDroneControl::send_position_command(float, float, float, float)::<lambda()>& TemplateDroneControl::send_position_command(float, float, float, float)::<lambda()>::operator=(const TemplateDroneControl::send_position_command(float, float, float, float)::<lambda()>&)â€™ <deleted>
  157 |         [x, y] = transform_global_to_local(x, y);
      |              ^
/home/lrs-ubuntu/Desktop/LRS/LRS-FEI/workspace/src/template_drone_control/src/template_drone_control_node.cpp:157:14: note:   no known conversion for argument 1 from â€˜std::tuple<float, float>â€™ to â€˜const TemplateDroneControl::send_position_command(float, float, float, float)::<lambda()>&â€™
make[2]: *** [CMakeFiles/template_drone_control_node.dir/build.make:63: CMakeFiles/template_drone_control_node.dir/src/template_drone_control_node.cpp.o] Error 1
make[1]: *** [CMakeFiles/Makefile2:105: CMakeFiles/template_drone_control_node.dir/all] Error 2
make: *** [Makefile:141: all] Error 2
