/home/lrs-ubuntu/Desktop/LRS/LRS-FEI/workspace/src/template_drone_control/src/template_drone_control_node.cpp: In constructor ‘TemplateDroneControl::TemplateDroneControl()’:
/home/lrs-ubuntu/Desktop/LRS/LRS-FEI/workspace/src/template_drone_control/src/template_drone_control_node.cpp:27:9: error: ‘local_pos_sub_’ was not declared in this scope; did you mean ‘local_pos_pub_’?
   27 |         local_pos_sub_ = this->create_subscription<geometry_msgs::msg::PoseStamped>(
      |         ^~~~~~~~~~~~~~
      |         local_pos_pub_
/home/lrs-ubuntu/Desktop/LRS/LRS-FEI/workspace/src/template_drone_control/src/template_drone_control_node.cpp:28:82: error: ‘local_pos_cb’ is not a member of ‘TemplateDroneControl’
   28 |             "/mavros/local_position/pose", qos, std::bind(&TemplateDroneControl::local_pos_cb, this, std::placeholders::_1));
      |                                                                                  ^~~~~~~~~~~~
/home/lrs-ubuntu/Desktop/LRS/LRS-FEI/workspace/src/template_drone_control/src/template_drone_control_node.cpp:51:15: error: expected ‘(’ before ‘!’ token
   51 |         while !guided_mode_set{
      |               ^
      |               (
/home/lrs-ubuntu/Desktop/LRS/LRS-FEI/workspace/src/template_drone_control/src/template_drone_control_node.cpp:51:31: error: expected ‘)’ before ‘{’ token
   51 |         while !guided_mode_set{
      |               ~               ^
      |                               )
In file included from /opt/ros/foxy/include/rclcpp/service.hpp:34,
                 from /opt/ros/foxy/include/rclcpp/callback_group.hpp:25,
                 from /opt/ros/foxy/include/rclcpp/any_executable.hpp:20,
                 from /opt/ros/foxy/include/rclcpp/memory_strategy.hpp:24,
                 from /opt/ros/foxy/include/rclcpp/memory_strategies.hpp:18,
                 from /opt/ros/foxy/include/rclcpp/executor_options.hpp:20,
                 from /opt/ros/foxy/include/rclcpp/executor.hpp:33,
                 from /opt/ros/foxy/include/rclcpp/executors/multi_threaded_executor.hpp:26,
                 from /opt/ros/foxy/include/rclcpp/executors.hpp:21,
                 from /opt/ros/foxy/include/rclcpp/rclcpp.hpp:146,
                 from /home/lrs-ubuntu/Desktop/LRS/LRS-FEI/workspace/src/template_drone_control/src/template_drone_control_node.cpp:1:
/home/lrs-ubuntu/Desktop/LRS/LRS-FEI/workspace/src/template_drone_control/src/template_drone_control_node.cpp:53:13: error: static assertion failed: First argument to logging macros must be an rclcpp::Logger
   53 |             RCLCPP_INFO("Waiting for guided mode");
      |             ^~~~~~~~~~~
In file included from /opt/ros/foxy/include/rclcpp/client.hpp:40,
                 from /opt/ros/foxy/include/rclcpp/callback_group.hpp:23,
                 from /opt/ros/foxy/include/rclcpp/any_executable.hpp:20,
                 from /opt/ros/foxy/include/rclcpp/memory_strategy.hpp:24,
                 from /opt/ros/foxy/include/rclcpp/memory_strategies.hpp:18,
                 from /opt/ros/foxy/include/rclcpp/executor_options.hpp:20,
                 from /opt/ros/foxy/include/rclcpp/executor.hpp:33,
                 from /opt/ros/foxy/include/rclcpp/executors/multi_threaded_executor.hpp:26,
                 from /opt/ros/foxy/include/rclcpp/executors.hpp:21,
                 from /opt/ros/foxy/include/rclcpp/rclcpp.hpp:146,
                 from /home/lrs-ubuntu/Desktop/LRS/LRS-FEI/workspace/src/template_drone_control/src/template_drone_control_node.cpp:1:
/home/lrs-ubuntu/Desktop/LRS/LRS-FEI/workspace/src/template_drone_control/src/template_drone_control_node.cpp:53:13: error: request for member ‘get_name’ in ‘("Waiting for guided mode")’, which is of non-class type ‘const char [24]’
   53 |             RCLCPP_INFO("Waiting for guided mode");
      |             ^~~~~~~~~~~
/home/lrs-ubuntu/Desktop/LRS/LRS-FEI/workspace/src/template_drone_control/src/template_drone_control_node.cpp:53:13: error: request for member ‘get_name’ in ‘("Waiting for guided mode")’, which is of non-class type ‘const char [24]’
   53 |             RCLCPP_INFO("Waiting for guided mode");
      |             ^~~~~~~~~~~
/home/lrs-ubuntu/Desktop/LRS/LRS-FEI/workspace/src/template_drone_control/src/template_drone_control_node.cpp:53:13: error: no matching function for call to ‘get_c_string()’
   53 |             RCLCPP_INFO("Waiting for guided mode");
      |             ^~~~~~~~~~~
In file included from /opt/ros/foxy/include/rclcpp/client.hpp:36,
                 from /opt/ros/foxy/include/rclcpp/callback_group.hpp:23,
                 from /opt/ros/foxy/include/rclcpp/any_executable.hpp:20,
                 from /opt/ros/foxy/include/rclcpp/memory_strategy.hpp:24,
                 from /opt/ros/foxy/include/rclcpp/memory_strategies.hpp:18,
                 from /opt/ros/foxy/include/rclcpp/executor_options.hpp:20,
                 from /opt/ros/foxy/include/rclcpp/executor.hpp:33,
                 from /opt/ros/foxy/include/rclcpp/executors/multi_threaded_executor.hpp:26,
                 from /opt/ros/foxy/include/rclcpp/executors.hpp:21,
                 from /opt/ros/foxy/include/rclcpp/rclcpp.hpp:146,
                 from /home/lrs-ubuntu/Desktop/LRS/LRS-FEI/workspace/src/template_drone_control/src/template_drone_control_node.cpp:1:
/opt/ros/foxy/include/rclcpp/utilities.hpp:296:1: note: candidate: ‘const char* rclcpp::get_c_string(const char*)’
  296 | get_c_string(const char * string_in);
      | ^~~~~~~~~~~~
/opt/ros/foxy/include/rclcpp/utilities.hpp:296:1: note:   candidate expects 1 argument, 0 provided
/opt/ros/foxy/include/rclcpp/utilities.hpp:305:1: note: candidate: ‘const char* rclcpp::get_c_string(const string&)’
  305 | get_c_string(const std::string & string_in);
      | ^~~~~~~~~~~~
/opt/ros/foxy/include/rclcpp/utilities.hpp:305:1: note:   candidate expects 1 argument, 0 provided
/home/lrs-ubuntu/Desktop/LRS/LRS-FEI/workspace/src/template_drone_control/src/template_drone_control_node.cpp: In member function ‘void TemplateDroneControl::state_cb(mavros_msgs::msg::State_<std::allocator<void> >::SharedPtr)’:
/home/lrs-ubuntu/Desktop/LRS/LRS-FEI/workspace/src/template_drone_control/src/template_drone_control_node.cpp:71:9: error: ‘state_’ was not declared in this scope; did you mean ‘state_cb’?
   71 |         state_ = current_state_.mode.c_str()
      |         ^~~~~~
      |         state_cb
make[2]: *** [CMakeFiles/template_drone_control_node.dir/build.make:63: CMakeFiles/template_drone_control_node.dir/src/template_drone_control_node.cpp.o] Error 1
make[1]: *** [CMakeFiles/Makefile2:105: CMakeFiles/template_drone_control_node.dir/all] Error 2
make: *** [Makefile:141: all] Error 2
