[35m[1mScanning dependencies of target template_drone_control_node[0m
[ 50%] [32mBuilding CXX object CMakeFiles/template_drone_control_node.dir/src/template_drone_control_node.cpp.o[0m
/home/lrs-ubuntu/Desktop/LRS/LRS-FEI/workspace/src/template_drone_control/src/template_drone_control_node.cpp: In member function â€˜char TemplateDroneControl::getch()â€™:
/home/lrs-ubuntu/Desktop/LRS/LRS-FEI/workspace/src/template_drone_control/src/template_drone_control_node.cpp:79:24: error: aggregate â€˜TemplateDroneControl::getch()::termios oldâ€™ has incomplete type and cannot be defined
   79 |         struct termios old;
      |                        ^~~
/home/lrs-ubuntu/Desktop/LRS/LRS-FEI/workspace/src/template_drone_control/src/template_drone_control_node.cpp:80:9: error: â€˜tcgetattrâ€™ was not declared in this scope
   80 |         tcgetattr(0, &old);
      |         ^~~~~~~~~
/home/lrs-ubuntu/Desktop/LRS/LRS-FEI/workspace/src/template_drone_control/src/template_drone_control_node.cpp:83:25: error: â€˜ICANONâ€™ was not declared in this scope
   83 |         old.c_lflag &= ~ICANON;
      |                         ^~~~~~
/home/lrs-ubuntu/Desktop/LRS/LRS-FEI/workspace/src/template_drone_control/src/template_drone_control_node.cpp:84:25: error: â€˜ECHOâ€™ was not declared in this scope
   84 |         old.c_lflag &= ~ECHO;
      |                         ^~~~
/home/lrs-ubuntu/Desktop/LRS/LRS-FEI/workspace/src/template_drone_control/src/template_drone_control_node.cpp:85:18: error: â€˜VMINâ€™ was not declared in this scope
   85 |         old.c_cc[VMIN] = 1;
      |                  ^~~~
/home/lrs-ubuntu/Desktop/LRS/LRS-FEI/workspace/src/template_drone_control/src/template_drone_control_node.cpp:86:18: error: â€˜VTIMEâ€™ was not declared in this scope; did you mean â€˜ETIMEâ€™?
   86 |         old.c_cc[VTIME] = 0;
      |                  ^~~~~
      |                  ETIME
/home/lrs-ubuntu/Desktop/LRS/LRS-FEI/workspace/src/template_drone_control/src/template_drone_control_node.cpp:87:26: error: â€˜TCSANOWâ€™ was not declared in this scope
   87 |         if (tcsetattr(0, TCSANOW, &old) < 0)
      |                          ^~~~~~~
/home/lrs-ubuntu/Desktop/LRS/LRS-FEI/workspace/src/template_drone_control/src/template_drone_control_node.cpp:87:13: error: â€˜tcsetattrâ€™ was not declared in this scope
   87 |         if (tcsetattr(0, TCSANOW, &old) < 0)
      |             ^~~~~~~~~
/home/lrs-ubuntu/Desktop/LRS/LRS-FEI/workspace/src/template_drone_control/src/template_drone_control_node.cpp:93:26: error: â€˜TCSADRAINâ€™ was not declared in this scope
   93 |         if (tcsetattr(0, TCSADRAIN, &old) < 0)
      |                          ^~~~~~~~~
/home/lrs-ubuntu/Desktop/LRS/LRS-FEI/workspace/src/template_drone_control/src/template_drone_control_node.cpp:93:13: error: â€˜tcsetattrâ€™ was not declared in this scope
   93 |         if (tcsetattr(0, TCSADRAIN, &old) < 0)
      |             ^~~~~~~~~
make[2]: *** [CMakeFiles/template_drone_control_node.dir/build.make:63: CMakeFiles/template_drone_control_node.dir/src/template_drone_control_node.cpp.o] Error 1
make[1]: *** [CMakeFiles/Makefile2:105: CMakeFiles/template_drone_control_node.dir/all] Error 2
make: *** [Makefile:141: all] Error 2
