[35m[1mScanning dependencies of target template_drone_control_node[0m
[ 50%] [32mBuilding CXX object CMakeFiles/template_drone_control_node.dir/src/template_drone_control_node.cpp.o[0m
/home/lrs-ubuntu/Desktop/LRS/LRS-FEI/workspace/src/template_drone_control/src/template_drone_control_node.cpp: In constructor â€˜TemplateDroneControl::TemplateDroneControl()â€™:
/home/lrs-ubuntu/Desktop/LRS/LRS-FEI/workspace/src/template_drone_control/src/template_drone_control_node.cpp:23:31: error: â€˜ros2â€™ was not declared in this scope
   23 |         arming_client_ = this-ros2 mavros how to sent position command >create_client<mavros_msgs::srv::CommandBool>("mavros/cmd/arming");
      |                               ^~~~
/home/lrs-ubuntu/Desktop/LRS/LRS-FEI/workspace/src/template_drone_control/src/template_drone_control_node.cpp:56:38: error: expected primary-expression before â€˜:â€™ token
   56 |                     if (!armed_check):
      |                                      ^
/home/lrs-ubuntu/Desktop/LRS/LRS-FEI/workspace/src/template_drone_control/src/template_drone_control_node.cpp: In member function â€˜void TemplateDroneControl::send_position_command(float, float, float, float)â€™:
/home/lrs-ubuntu/Desktop/LRS/LRS-FEI/workspace/src/template_drone_control/src/template_drone_control_node.cpp:70:58: error: expected â€˜;â€™ before â€˜e_zâ€™
   70 |         e_x = abs(current_local_pos_.pose.position.x - x)
      |                                                          ^
      |                                                          ;
   71 |         e_z = abs(current_local_pos_.pose.position.z - z)
      |         ~~~                                               
/home/lrs-ubuntu/Desktop/LRS/LRS-FEI/workspace/src/template_drone_control/src/template_drone_control_node.cpp:69:20: warning: unused variable â€˜e_zâ€™ [-Wunused-variable]
   69 |         float e_x, e_z, e_y;
      |                    ^~~
/home/lrs-ubuntu/Desktop/LRS/LRS-FEI/workspace/src/template_drone_control/src/template_drone_control_node.cpp:69:25: warning: unused variable â€˜e_yâ€™ [-Wunused-variable]
   69 |         float e_x, e_z, e_y;
      |                         ^~~
/home/lrs-ubuntu/Desktop/LRS/LRS-FEI/workspace/src/template_drone_control/src/template_drone_control_node.cpp:67:47: warning: unused parameter â€˜yâ€™ [-Wunused-parameter]
   67 |     void send_position_command(float x, float y, float z, float max_e)
      |                                         ~~~~~~^
/home/lrs-ubuntu/Desktop/LRS/LRS-FEI/workspace/src/template_drone_control/src/template_drone_control_node.cpp:67:56: warning: unused parameter â€˜zâ€™ [-Wunused-parameter]
   67 |     void send_position_command(float x, float y, float z, float max_e)
      |                                                  ~~~~~~^
/home/lrs-ubuntu/Desktop/LRS/LRS-FEI/workspace/src/template_drone_control/src/template_drone_control_node.cpp:67:65: warning: unused parameter â€˜max_eâ€™ [-Wunused-parameter]
   67 |     void send_position_command(float x, float y, float z, float max_e)
      |                                                           ~~~~~~^~~~~
/home/lrs-ubuntu/Desktop/LRS/LRS-FEI/workspace/src/template_drone_control/src/template_drone_control_node.cpp: In member function â€˜void TemplateDroneControl::send_land_request()â€™:
/home/lrs-ubuntu/Desktop/LRS/LRS-FEI/workspace/src/template_drone_control/src/template_drone_control_node.cpp:186:24: error: expected â€˜;â€™ before â€˜whileâ€™
  186 |     send_arming_request
      |                        ^
      |                        ;
  187 |         while (!arming_client_->wait_for_service(std::chrono::seconds(1))) {
      |         ~~~~~           
/home/lrs-ubuntu/Desktop/LRS/LRS-FEI/workspace/src/template_drone_control/src/template_drone_control_node.cpp:186:5: error: invalid use of non-static member function â€˜void TemplateDroneControl::send_arming_request(bool)â€™
  186 |     send_arming_request
      |     ^~~~~~~~~~~~~~~~~~~
/home/lrs-ubuntu/Desktop/LRS/LRS-FEI/workspace/src/template_drone_control/src/template_drone_control_node.cpp:142:10: note: declared here
  142 |     void send_arming_request(bool arm)
      |          ^~~~~~~~~~~~~~~~~~~
make[2]: *** [CMakeFiles/template_drone_control_node.dir/build.make:63: CMakeFiles/template_drone_control_node.dir/src/template_drone_control_node.cpp.o] Error 1
make[1]: *** [CMakeFiles/Makefile2:105: CMakeFiles/template_drone_control_node.dir/all] Error 2
make: *** [Makefile:141: all] Error 2
