[0.020s] Invoking command in '/home/lrs-ubuntu/Desktop/LRS/LRS-FEI/workspace/build/template_drone_control': CMAKE_PREFIX_PATH=/opt/ros/foxy /usr/bin/cmake --build /home/lrs-ubuntu/Desktop/LRS/LRS-FEI/workspace/build/template_drone_control -- -j12 -l12
[0.064s] [35m[1mScanning dependencies of target template_drone_control_node[0m
[0.087s] [ 50%] [32mBuilding CXX object CMakeFiles/template_drone_control_node.dir/src/template_drone_control_node.cpp.o[0m
[4.170s] In file included from /opt/ros/foxy/include/rclcpp/client.hpp:40,
[4.170s]                  from /opt/ros/foxy/include/rclcpp/callback_group.hpp:23,
[4.170s]                  from /opt/ros/foxy/include/rclcpp/any_executable.hpp:20,
[4.170s]                  from /opt/ros/foxy/include/rclcpp/memory_strategy.hpp:24,
[4.170s]                  from /opt/ros/foxy/include/rclcpp/memory_strategies.hpp:18,
[4.170s]                  from /opt/ros/foxy/include/rclcpp/executor_options.hpp:20,
[4.170s]                  from /opt/ros/foxy/include/rclcpp/executor.hpp:33,
[4.171s]                  from /opt/ros/foxy/include/rclcpp/executors/multi_threaded_executor.hpp:26,
[4.171s]                  from /opt/ros/foxy/include/rclcpp/executors.hpp:21,
[4.171s]                  from /opt/ros/foxy/include/rclcpp/rclcpp.hpp:146,
[4.171s]                  from /home/lrs-ubuntu/Desktop/LRS/LRS-FEI/workspace/src/template_drone_control/src/template_drone_control_node.cpp:1:
[4.171s] /home/lrs-ubuntu/Desktop/LRS/LRS-FEI/workspace/src/template_drone_control/src/template_drone_control_node.cpp: In member function â€˜tf2::Quaternion TemplateDroneControl::rotate_drone(float, float, float, float, float)â€™:
[4.171s] /home/lrs-ubuntu/Desktop/LRS/LRS-FEI/workspace/src/template_drone_control/src/template_drone_control_node.cpp:232:93: error: â€˜yaw_errâ€™ was not declared in this scope
[4.171s]   232 |         RCLCPP_INFO(this->get_logger(), "Target yaw %f - %f = %f", current_yaw, target_yaw, yaw_err);
[4.171s]       |                                                                                             ^~~~~~~
[4.171s] make[2]: *** [CMakeFiles/template_drone_control_node.dir/build.make:63: CMakeFiles/template_drone_control_node.dir/src/template_drone_control_node.cpp.o] Error 1
[4.171s] make[1]: *** [CMakeFiles/Makefile2:105: CMakeFiles/template_drone_control_node.dir/all] Error 2
[4.171s] make: *** [Makefile:141: all] Error 2
[4.172s] Invoked command in '/home/lrs-ubuntu/Desktop/LRS/LRS-FEI/workspace/build/template_drone_control' returned '2': CMAKE_PREFIX_PATH=/opt/ros/foxy /usr/bin/cmake --build /home/lrs-ubuntu/Desktop/LRS/LRS-FEI/workspace/build/template_drone_control -- -j12 -l12
