[35m[1mScanning dependencies of target template_drone_control_node[0m
[ 50%] [32mBuilding CXX object CMakeFiles/template_drone_control_node.dir/src/template_drone_control_node.cpp.o[0m
/home/lrs-ubuntu/Desktop/LRS/LRS-FEI/workspace/src/template_drone_control/src/template_drone_control_node.cpp: In member function â€˜void TemplateDroneControl::send_land_request(float)â€™:
/home/lrs-ubuntu/Desktop/LRS/LRS-FEI/workspace/src/template_drone_control/src/template_drone_control_node.cpp:324:17: error: â€˜flaotâ€™ was not declared in this scope; did you mean â€˜floatâ€™?
  324 |                 flaot err = abs(global_pose.z - alt);
      |                 ^~~~~
      |                 float
/home/lrs-ubuntu/Desktop/LRS/LRS-FEI/workspace/src/template_drone_control/src/template_drone_control_node.cpp:325:24: error: â€˜errâ€™ was not declared in this scope; did you mean â€˜erfâ€™?
  325 |                 while (err > soft_precision)
      |                        ^~~
      |                        erf
/home/lrs-ubuntu/Desktop/LRS/LRS-FEI/workspace/src/template_drone_control/src/template_drone_control_node.cpp: In member function â€˜void TemplateDroneControl::send_takeoff_request(float)â€™:
/home/lrs-ubuntu/Desktop/LRS/LRS-FEI/workspace/src/template_drone_control/src/template_drone_control_node.cpp:365:17: error: â€˜flaotâ€™ was not declared in this scope; did you mean â€˜floatâ€™?
  365 |                 flaot err = abs(global_pose.z - alt);
      |                 ^~~~~
      |                 float
/home/lrs-ubuntu/Desktop/LRS/LRS-FEI/workspace/src/template_drone_control/src/template_drone_control_node.cpp:366:24: error: â€˜errâ€™ was not declared in this scope; did you mean â€˜erfâ€™?
  366 |                 while (err > soft_precision)
      |                        ^~~
      |                        erf
make[2]: *** [CMakeFiles/template_drone_control_node.dir/build.make:63: CMakeFiles/template_drone_control_node.dir/src/template_drone_control_node.cpp.o] Error 1
make[1]: *** [CMakeFiles/Makefile2:105: CMakeFiles/template_drone_control_node.dir/all] Error 2
make: *** [Makefile:141: all] Error 2
