[0.018s] Invoking command in '/home/lrs-ubuntu/Desktop/LRS/LRS-FEI/workspace/build/template_drone_control': CMAKE_PREFIX_PATH=/opt/ros/foxy /usr/bin/cmake --build /home/lrs-ubuntu/Desktop/LRS/LRS-FEI/workspace/build/template_drone_control -- -j12 -l12
[0.059s] [35m[1mScanning dependencies of target template_drone_control_node[0m
[0.077s] [ 50%] [32mBuilding CXX object CMakeFiles/template_drone_control_node.dir/src/template_drone_control_node.cpp.o[0m
[3.676s] /home/lrs-ubuntu/Desktop/LRS/LRS-FEI/workspace/src/template_drone_control/src/template_drone_control_node.cpp: In member function â€˜void TemplateDroneControl::send_land_request(float)â€™:
[3.676s] /home/lrs-ubuntu/Desktop/LRS/LRS-FEI/workspace/src/template_drone_control/src/template_drone_control_node.cpp:324:17: error: â€˜flaotâ€™ was not declared in this scope; did you mean â€˜floatâ€™?
[3.676s]   324 |                 flaot err = abs(global_pose.z - alt);
[3.676s]       |                 ^~~~~
[3.676s]       |                 float
[3.676s] /home/lrs-ubuntu/Desktop/LRS/LRS-FEI/workspace/src/template_drone_control/src/template_drone_control_node.cpp:325:24: error: â€˜errâ€™ was not declared in this scope; did you mean â€˜erfâ€™?
[3.676s]   325 |                 while (err > soft_precision)
[3.676s]       |                        ^~~
[3.676s]       |                        erf
[3.677s] /home/lrs-ubuntu/Desktop/LRS/LRS-FEI/workspace/src/template_drone_control/src/template_drone_control_node.cpp: In member function â€˜void TemplateDroneControl::send_takeoff_request(float)â€™:
[3.677s] /home/lrs-ubuntu/Desktop/LRS/LRS-FEI/workspace/src/template_drone_control/src/template_drone_control_node.cpp:365:17: error: â€˜flaotâ€™ was not declared in this scope; did you mean â€˜floatâ€™?
[3.677s]   365 |                 flaot err = abs(global_pose.z - alt);
[3.677s]       |                 ^~~~~
[3.677s]       |                 float
[3.677s] /home/lrs-ubuntu/Desktop/LRS/LRS-FEI/workspace/src/template_drone_control/src/template_drone_control_node.cpp:366:24: error: â€˜errâ€™ was not declared in this scope; did you mean â€˜erfâ€™?
[3.677s]   366 |                 while (err > soft_precision)
[3.677s]       |                        ^~~
[3.677s]       |                        erf
[3.677s] make[2]: *** [CMakeFiles/template_drone_control_node.dir/build.make:63: CMakeFiles/template_drone_control_node.dir/src/template_drone_control_node.cpp.o] Error 1
[3.677s] make[1]: *** [CMakeFiles/Makefile2:105: CMakeFiles/template_drone_control_node.dir/all] Error 2
[3.677s] make: *** [Makefile:141: all] Error 2
[3.678s] Invoked command in '/home/lrs-ubuntu/Desktop/LRS/LRS-FEI/workspace/build/template_drone_control' returned '2': CMAKE_PREFIX_PATH=/opt/ros/foxy /usr/bin/cmake --build /home/lrs-ubuntu/Desktop/LRS/LRS-FEI/workspace/build/template_drone_control -- -j12 -l12
