[35m[1mScanning dependencies of target template_drone_control_node[0m
[ 50%] [32mBuilding CXX object CMakeFiles/template_drone_control_node.dir/src/template_drone_control_node.cpp.o[0m
/home/lrs-ubuntu/Desktop/LRS/LRS-FEI/workspace/src/template_drone_control/src/template_drone_control_node.cpp:194:5: error: â€˜strâ€™ does not name a type; did you mean â€˜stdâ€™?
  194 |     str state_;
      |     ^~~
      |     std
/home/lrs-ubuntu/Desktop/LRS/LRS-FEI/workspace/src/template_drone_control/src/template_drone_control_node.cpp: In constructor â€˜TemplateDroneControl::TemplateDroneControl()â€™:
/home/lrs-ubuntu/Desktop/LRS/LRS-FEI/workspace/src/template_drone_control/src/template_drone_control_node.cpp:55:15: error: expected â€˜(â€™ before â€˜!â€™ token
   55 |         while !guided_mode_set{
      |               ^
      |               (
/home/lrs-ubuntu/Desktop/LRS/LRS-FEI/workspace/src/template_drone_control/src/template_drone_control_node.cpp:55:31: error: expected â€˜)â€™ before â€˜{â€™ token
   55 |         while !guided_mode_set{
      |               ~               ^
      |                               )
/home/lrs-ubuntu/Desktop/LRS/LRS-FEI/workspace/src/template_drone_control/src/template_drone_control_node.cpp:56:23: error: expected â€˜;â€™ before â€˜doâ€™
   56 |             sleep(0.5)
      |                       ^
      |                       ;
/home/lrs-ubuntu/Desktop/LRS/LRS-FEI/workspace/src/template_drone_control/src/template_drone_control_node.cpp:66:45: error: expected â€˜;â€™ before â€˜doâ€™
   66 |         send_takeoff_land_request(1.0, true)
      |                                             ^
      |                                             ;
/home/lrs-ubuntu/Desktop/LRS/LRS-FEI/workspace/src/template_drone_control/src/template_drone_control_node.cpp:70:17: error: â€˜terminateâ€™ was not declared in this scope; did you mean â€˜std::terminateâ€™?
   70 |         while (!terminate) {
      |                 ^~~~~~~~~
      |                 std::terminate
In file included from /usr/include/c++/9/new:40,
                 from /usr/include/c++/9/ext/new_allocator.h:33,
                 from /usr/include/x86_64-linux-gnu/c++/9/bits/c++allocator.h:33,
                 from /usr/include/c++/9/bits/allocator.h:46,
                 from /usr/include/c++/9/memory:63,
                 from /opt/ros/foxy/include/rclcpp/rclcpp.hpp:144,
                 from /home/lrs-ubuntu/Desktop/LRS/LRS-FEI/workspace/src/template_drone_control/src/template_drone_control_node.cpp:1:
/usr/include/c++/9/exception:76:8: note: â€˜std::terminateâ€™ declared here
   76 |   void terminate() _GLIBCXX_USE_NOEXCEPT __attribute__ ((__noreturn__));
      |        ^~~~~~~~~
/home/lrs-ubuntu/Desktop/LRS/LRS-FEI/workspace/src/template_drone_control/src/template_drone_control_node.cpp:71:13: error: â€˜câ€™ was not declared in this scope
   71 |             c = getch(); // Non-blocking key press detection
      |             ^
/home/lrs-ubuntu/Desktop/LRS/LRS-FEI/workspace/src/template_drone_control/src/template_drone_control_node.cpp:74:54: error: expected â€˜;â€™ before â€˜}â€™ token
   74 |                 send_takeoff_land_request(0.0, false)
      |                                                      ^
      |                                                      ;
   75 |             } else if (c == 'q') {
      |             ~                                         
/home/lrs-ubuntu/Desktop/LRS/LRS-FEI/workspace/src/template_drone_control/src/template_drone_control_node.cpp: In member function â€˜char TemplateDroneControl::getch()â€™:
/home/lrs-ubuntu/Desktop/LRS/LRS-FEI/workspace/src/template_drone_control/src/template_drone_control_node.cpp:85:32: warning: missing initializer for member â€˜termios::c_oflagâ€™ [-Wmissing-field-initializers]
   85 |         struct termios old = {0};
      |                                ^
/home/lrs-ubuntu/Desktop/LRS/LRS-FEI/workspace/src/template_drone_control/src/template_drone_control_node.cpp:85:32: warning: missing initializer for member â€˜termios::c_cflagâ€™ [-Wmissing-field-initializers]
/home/lrs-ubuntu/Desktop/LRS/LRS-FEI/workspace/src/template_drone_control/src/template_drone_control_node.cpp:85:32: warning: missing initializer for member â€˜termios::c_lflagâ€™ [-Wmissing-field-initializers]
/home/lrs-ubuntu/Desktop/LRS/LRS-FEI/workspace/src/template_drone_control/src/template_drone_control_node.cpp:85:32: warning: missing initializer for member â€˜termios::c_lineâ€™ [-Wmissing-field-initializers]
/home/lrs-ubuntu/Desktop/LRS/LRS-FEI/workspace/src/template_drone_control/src/template_drone_control_node.cpp:85:32: warning: missing initializer for member â€˜termios::c_ccâ€™ [-Wmissing-field-initializers]
/home/lrs-ubuntu/Desktop/LRS/LRS-FEI/workspace/src/template_drone_control/src/template_drone_control_node.cpp:85:32: warning: missing initializer for member â€˜termios::c_ispeedâ€™ [-Wmissing-field-initializers]
/home/lrs-ubuntu/Desktop/LRS/LRS-FEI/workspace/src/template_drone_control/src/template_drone_control_node.cpp:85:32: warning: missing initializer for member â€˜termios::c_ospeedâ€™ [-Wmissing-field-initializers]
/home/lrs-ubuntu/Desktop/LRS/LRS-FEI/workspace/src/template_drone_control/src/template_drone_control_node.cpp: In member function â€˜void TemplateDroneControl::state_cb(mavros_msgs::msg::State_<std::allocator<void> >::SharedPtr)â€™:
/home/lrs-ubuntu/Desktop/LRS/LRS-FEI/workspace/src/template_drone_control/src/template_drone_control_node.cpp:120:9: error: â€˜state_â€™ was not declared in this scope; did you mean â€˜state_cbâ€™?
  120 |         state_ = current_state_.mode.c_str()
      |         ^~~~~~
      |         state_cb
/home/lrs-ubuntu/Desktop/LRS/LRS-FEI/workspace/src/template_drone_control/src/template_drone_control_node.cpp:122:21: error: expected primary-expression before â€˜==â€™ token
  122 |         if (state_) == "GUIDED"{
      |                     ^~
/home/lrs-ubuntu/Desktop/LRS/LRS-FEI/workspace/src/template_drone_control/src/template_drone_control_node.cpp: In member function â€˜void TemplateDroneControl::send_takeoff_land_request(float, bool)â€™:
/home/lrs-ubuntu/Desktop/LRS/LRS-FEI/workspace/src/template_drone_control/src/template_drone_control_node.cpp:171:81: error: â€˜futureâ€™ was not declared in this scope; did you mean â€˜std::futureâ€™?
  171 |         if (rclcpp::spin_until_future_complete(this->get_node_base_interface(), future) ==
      |                                                                                 ^~~~~~
      |                                                                                 std::future
In file included from /opt/ros/foxy/include/rclcpp/executors.hpp:18,
                 from /opt/ros/foxy/include/rclcpp/rclcpp.hpp:146,
                 from /home/lrs-ubuntu/Desktop/LRS/LRS-FEI/workspace/src/template_drone_control/src/template_drone_control_node.cpp:1:
/usr/include/c++/9/future:125:11: note: â€˜std::futureâ€™ declared here
  125 |     class future;
      |           ^~~~~~
make[2]: *** [CMakeFiles/template_drone_control_node.dir/build.make:63: CMakeFiles/template_drone_control_node.dir/src/template_drone_control_node.cpp.o] Error 1
make[1]: *** [CMakeFiles/Makefile2:105: CMakeFiles/template_drone_control_node.dir/all] Error 2
make: *** [Makefile:141: all] Error 2
