[35m[1mScanning dependencies of target template_drone_control_node[0m
[ 50%] [32mBuilding CXX object CMakeFiles/template_drone_control_node.dir/src/template_drone_control_node.cpp.o[0m
/home/lrs-ubuntu/Desktop/LRS/LRS-FEI/workspace/src/template_drone_control/src/template_drone_control_node.cpp: In constructor â€˜TemplateDroneControl::TemplateDroneControl()â€™:
/home/lrs-ubuntu/Desktop/LRS/LRS-FEI/workspace/src/template_drone_control/src/template_drone_control_node.cpp:54:26: error: no matching function for call to â€˜spin()â€™
   54 |             rclcpp::spin()
      |                          ^
In file included from /opt/ros/foxy/include/rclcpp/rclcpp.hpp:146,
                 from /home/lrs-ubuntu/Desktop/LRS/LRS-FEI/workspace/src/template_drone_control/src/template_drone_control_node.cpp:1:
/opt/ros/foxy/include/rclcpp/executors.hpp:45:1: note: candidate: â€˜void rclcpp::spin(rclcpp::node_interfaces::NodeBaseInterface::SharedPtr)â€™
   45 | spin(rclcpp::node_interfaces::NodeBaseInterface::SharedPtr node_ptr);
      | ^~~~
/opt/ros/foxy/include/rclcpp/executors.hpp:45:1: note:   candidate expects 1 argument, 0 provided
/opt/ros/foxy/include/rclcpp/executors.hpp:49:1: note: candidate: â€˜void rclcpp::spin(rclcpp::Node::SharedPtr)â€™
   49 | spin(rclcpp::Node::SharedPtr node_ptr);
      | ^~~~
/opt/ros/foxy/include/rclcpp/executors.hpp:49:1: note:   candidate expects 1 argument, 0 provided
make[2]: *** [CMakeFiles/template_drone_control_node.dir/build.make:63: CMakeFiles/template_drone_control_node.dir/src/template_drone_control_node.cpp.o] Error 1
make[1]: *** [CMakeFiles/Makefile2:105: CMakeFiles/template_drone_control_node.dir/all] Error 2
make: *** [Makefile:141: all] Error 2
