[0.059s] Invoking command in '/home/lrs-ubuntu/Desktop/LRS/LRS-FEI/workspace/build/template_drone_control': CMAKE_PREFIX_PATH=/opt/ros/foxy /usr/bin/cmake --build /home/lrs-ubuntu/Desktop/LRS/LRS-FEI/workspace/build/template_drone_control -- -j12 -l12
[0.200s] [35m[1mScanning dependencies of target template_drone_control_node[0m
[0.282s] [ 50%] [32mBuilding CXX object CMakeFiles/template_drone_control_node.dir/src/template_drone_control_node.cpp.o[0m
[14.850s] /home/lrs-ubuntu/Desktop/LRS/LRS-FEI/workspace/src/template_drone_control/src/template_drone_control_node.cpp: In constructor â€˜TemplateDroneControl::TemplateDroneControl()â€™:
[14.852s] /home/lrs-ubuntu/Desktop/LRS/LRS-FEI/workspace/src/template_drone_control/src/template_drone_control_node.cpp:54:26: error: no matching function for call to â€˜spin()â€™
[14.853s]    54 |             rclcpp::spin()
[14.853s]       |                          ^
[14.853s] In file included from /opt/ros/foxy/include/rclcpp/rclcpp.hpp:146,
[14.853s]                  from /home/lrs-ubuntu/Desktop/LRS/LRS-FEI/workspace/src/template_drone_control/src/template_drone_control_node.cpp:1:
[14.853s] /opt/ros/foxy/include/rclcpp/executors.hpp:45:1: note: candidate: â€˜void rclcpp::spin(rclcpp::node_interfaces::NodeBaseInterface::SharedPtr)â€™
[14.853s]    45 | spin(rclcpp::node_interfaces::NodeBaseInterface::SharedPtr node_ptr);
[14.853s]       | ^~~~
[14.853s] /opt/ros/foxy/include/rclcpp/executors.hpp:45:1: note:   candidate expects 1 argument, 0 provided
[14.853s] /opt/ros/foxy/include/rclcpp/executors.hpp:49:1: note: candidate: â€˜void rclcpp::spin(rclcpp::Node::SharedPtr)â€™
[14.854s]    49 | spin(rclcpp::Node::SharedPtr node_ptr);
[14.854s]       | ^~~~
[14.854s] /opt/ros/foxy/include/rclcpp/executors.hpp:49:1: note:   candidate expects 1 argument, 0 provided
[14.854s] make[2]: *** [CMakeFiles/template_drone_control_node.dir/build.make:63: CMakeFiles/template_drone_control_node.dir/src/template_drone_control_node.cpp.o] Error 1
[14.854s] make[1]: *** [CMakeFiles/Makefile2:105: CMakeFiles/template_drone_control_node.dir/all] Error 2
[14.854s] make: *** [Makefile:141: all] Error 2
[14.860s] Invoked command in '/home/lrs-ubuntu/Desktop/LRS/LRS-FEI/workspace/build/template_drone_control' returned '2': CMAKE_PREFIX_PATH=/opt/ros/foxy /usr/bin/cmake --build /home/lrs-ubuntu/Desktop/LRS/LRS-FEI/workspace/build/template_drone_control -- -j12 -l12
