[0.028s] Invoking command in '/home/lrs-ubuntu/Desktop/LRS/LRS-FEI/workspace/build/template_drone_control': CMAKE_PREFIX_PATH=/opt/ros/foxy /usr/bin/cmake --build /home/lrs-ubuntu/Desktop/LRS/LRS-FEI/workspace/build/template_drone_control -- -j12 -l12
[0.133s] [ 50%] [32mBuilding CXX object CMakeFiles/template_drone_control_node.dir/src/template_drone_control_node.cpp.o[0m
[7.149s] /home/lrs-ubuntu/Desktop/LRS/LRS-FEI/workspace/src/template_drone_control/src/template_drone_control_node.cpp: In constructor â€˜TemplateDroneControl::TemplateDroneControl()â€™:
[7.150s] /home/lrs-ubuntu/Desktop/LRS/LRS-FEI/workspace/src/template_drone_control/src/template_drone_control_node.cpp:66:39: error: no matching function for call to â€˜TemplateDroneControl::send_takeoff_request(double, bool)â€™
[7.150s]    66 |         send_takeoff_request(1.0, true);
[7.150s]       |                                       ^
[7.150s] /home/lrs-ubuntu/Desktop/LRS/LRS-FEI/workspace/src/template_drone_control/src/template_drone_control_node.cpp:157:10: note: candidate: â€˜void TemplateDroneControl::send_takeoff_request(float)â€™
[7.150s]   157 |     void send_takeoff_request(float altitude)
[7.150s]       |          ^~~~~~~~~~~~~~~~~~~~
[7.150s] /home/lrs-ubuntu/Desktop/LRS/LRS-FEI/workspace/src/template_drone_control/src/template_drone_control_node.cpp:157:10: note:   candidate expects 1 argument, 2 provided
[7.150s] In file included from /opt/ros/foxy/include/rclcpp/client.hpp:40,
[7.150s]                  from /opt/ros/foxy/include/rclcpp/callback_group.hpp:23,
[7.150s]                  from /opt/ros/foxy/include/rclcpp/any_executable.hpp:20,
[7.150s]                  from /opt/ros/foxy/include/rclcpp/memory_strategy.hpp:24,
[7.150s]                  from /opt/ros/foxy/include/rclcpp/memory_strategies.hpp:18,
[7.151s]                  from /opt/ros/foxy/include/rclcpp/executor_options.hpp:20,
[7.151s]                  from /opt/ros/foxy/include/rclcpp/executor.hpp:33,
[7.151s]                  from /opt/ros/foxy/include/rclcpp/executors/multi_threaded_executor.hpp:26,
[7.151s]                  from /opt/ros/foxy/include/rclcpp/executors.hpp:21,
[7.151s]                  from /opt/ros/foxy/include/rclcpp/rclcpp.hpp:146,
[7.151s]                  from /home/lrs-ubuntu/Desktop/LRS/LRS-FEI/workspace/src/template_drone_control/src/template_drone_control_node.cpp:1:
[7.151s] /home/lrs-ubuntu/Desktop/LRS/LRS-FEI/workspace/src/template_drone_control/src/template_drone_control_node.cpp: In member function â€˜void TemplateDroneControl::send_takeoff_request(float)â€™:
[7.151s] /home/lrs-ubuntu/Desktop/LRS/LRS-FEI/workspace/src/template_drone_control/src/template_drone_control_node.cpp:172:98: error: â€˜using element_type = struct mavros_msgs::srv::CommandTOL_Response_<std::allocator<void> >â€™ {aka â€˜struct mavros_msgs::srv::CommandTOL_Response_<std::allocator<void> >â€™} has no member named â€˜result_strâ€™; did you mean â€˜resultâ€™?
[7.152s]   172 |                 RCLCPP_ERROR(this->get_logger(), "Failed to send takeoff command: %s", response->result_str.c_str());
[7.152s]       |                                                                                                  ^~~~~~~~~~
[7.152s] make[2]: *** [CMakeFiles/template_drone_control_node.dir/build.make:63: CMakeFiles/template_drone_control_node.dir/src/template_drone_control_node.cpp.o] Error 1
[7.154s] make[1]: *** [CMakeFiles/Makefile2:105: CMakeFiles/template_drone_control_node.dir/all] Error 2
[7.155s] make: *** [Makefile:141: all] Error 2
[7.157s] Invoked command in '/home/lrs-ubuntu/Desktop/LRS/LRS-FEI/workspace/build/template_drone_control' returned '2': CMAKE_PREFIX_PATH=/opt/ros/foxy /usr/bin/cmake --build /home/lrs-ubuntu/Desktop/LRS/LRS-FEI/workspace/build/template_drone_control -- -j12 -l12
