[35m[1mScanning dependencies of target template_drone_control_node[0m
[ 50%] [32mBuilding CXX object CMakeFiles/template_drone_control_node.dir/src/template_drone_control_node.cpp.o[0m
In file included from /opt/ros/foxy/include/rclcpp/client.hpp:40,
                 from /opt/ros/foxy/include/rclcpp/callback_group.hpp:23,
                 from /opt/ros/foxy/include/rclcpp/any_executable.hpp:20,
                 from /opt/ros/foxy/include/rclcpp/memory_strategy.hpp:24,
                 from /opt/ros/foxy/include/rclcpp/memory_strategies.hpp:18,
                 from /opt/ros/foxy/include/rclcpp/executor_options.hpp:20,
                 from /opt/ros/foxy/include/rclcpp/executor.hpp:33,
                 from /opt/ros/foxy/include/rclcpp/executors/multi_threaded_executor.hpp:26,
                 from /opt/ros/foxy/include/rclcpp/executors.hpp:21,
                 from /opt/ros/foxy/include/rclcpp/rclcpp.hpp:146,
                 from /home/lrs-ubuntu/Desktop/LRS/LRS-FEI/workspace/src/template_drone_control/src/template_drone_control_node.cpp:1:
/home/lrs-ubuntu/Desktop/LRS/LRS-FEI/workspace/src/template_drone_control/src/template_drone_control_node.cpp: In constructor â€˜TemplateDroneControl::TemplateDroneControl()â€™:
/home/lrs-ubuntu/Desktop/LRS/LRS-FEI/workspace/src/template_drone_control/src/template_drone_control_node.cpp:54:13: error: no matching function for call to â€˜get_c_string(bool&)â€™
   54 |             RCLCPP_INFO(this->get_logger(), guided_mode_set);
      |             ^~~~~~~~~~~
In file included from /opt/ros/foxy/include/rclcpp/client.hpp:36,
                 from /opt/ros/foxy/include/rclcpp/callback_group.hpp:23,
                 from /opt/ros/foxy/include/rclcpp/any_executable.hpp:20,
                 from /opt/ros/foxy/include/rclcpp/memory_strategy.hpp:24,
                 from /opt/ros/foxy/include/rclcpp/memory_strategies.hpp:18,
                 from /opt/ros/foxy/include/rclcpp/executor_options.hpp:20,
                 from /opt/ros/foxy/include/rclcpp/executor.hpp:33,
                 from /opt/ros/foxy/include/rclcpp/executors/multi_threaded_executor.hpp:26,
                 from /opt/ros/foxy/include/rclcpp/executors.hpp:21,
                 from /opt/ros/foxy/include/rclcpp/rclcpp.hpp:146,
                 from /home/lrs-ubuntu/Desktop/LRS/LRS-FEI/workspace/src/template_drone_control/src/template_drone_control_node.cpp:1:
/opt/ros/foxy/include/rclcpp/utilities.hpp:296:1: note: candidate: â€˜const char* rclcpp::get_c_string(const char*)â€™
  296 | get_c_string(const char * string_in);
      | ^~~~~~~~~~~~
/opt/ros/foxy/include/rclcpp/utilities.hpp:296:27: note:   no known conversion for argument 1 from â€˜boolâ€™ to â€˜const char*â€™
  296 | get_c_string(const char * string_in);
      |              ~~~~~~~~~~~~~^~~~~~~~~
/opt/ros/foxy/include/rclcpp/utilities.hpp:305:1: note: candidate: â€˜const char* rclcpp::get_c_string(const string&)â€™
  305 | get_c_string(const std::string & string_in);
      | ^~~~~~~~~~~~
/opt/ros/foxy/include/rclcpp/utilities.hpp:305:34: note:   no known conversion for argument 1 from â€˜boolâ€™ to â€˜const string&â€™ {aka â€˜const std::__cxx11::basic_string<char>&â€™}
  305 | get_c_string(const std::string & string_in);
      |              ~~~~~~~~~~~~~~~~~~~~^~~~~~~~~
make[2]: *** [CMakeFiles/template_drone_control_node.dir/build.make:63: CMakeFiles/template_drone_control_node.dir/src/template_drone_control_node.cpp.o] Error 1
make[1]: *** [CMakeFiles/Makefile2:105: CMakeFiles/template_drone_control_node.dir/all] Error 2
make: *** [Makefile:141: all] Error 2
