[0.009s] Invoking command in '/home/lrs-ubuntu/Desktop/LRS/LRS-FEI/workspace/build/template_drone_control': CMAKE_PREFIX_PATH=/opt/ros/foxy /usr/bin/cmake --build /home/lrs-ubuntu/Desktop/LRS/LRS-FEI/workspace/build/template_drone_control -- -j12 -l12
[0.045s] [35m[1mScanning dependencies of target template_drone_control_node[0m
[0.074s] [ 50%] [32mBuilding CXX object CMakeFiles/template_drone_control_node.dir/src/template_drone_control_node.cpp.o[0m
[3.743s] /home/lrs-ubuntu/Desktop/LRS/LRS-FEI/workspace/src/template_drone_control/src/template_drone_control_node.cpp: In member function â€˜tf2::Quaternion TemplateDroneControl::rotate_drone(float, float, float, float, float, float)â€™:
[3.743s] /home/lrs-ubuntu/Desktop/LRS/LRS-FEI/workspace/src/template_drone_control/src/template_drone_control_node.cpp:227:66: error: â€˜precisionprecisionâ€™ was not declared in this scope
[3.743s]   227 |         while((target_yaw-precision) < current_yaw < (target_yaw+precisionprecision)){
[3.743s]       |                                                                  ^~~~~~~~~~~~~~~~~~
[3.743s] /home/lrs-ubuntu/Desktop/LRS/LRS-FEI/workspace/src/template_drone_control/src/template_drone_control_node.cpp:237:13: error: â€˜yaw_errâ€™ was not declared in this scope
[3.744s]   237 |             yaw_err = abs(current_yaw - target_yaw);
[3.744s]       |             ^~~~~~~
[3.744s] make[2]: *** [CMakeFiles/template_drone_control_node.dir/build.make:63: CMakeFiles/template_drone_control_node.dir/src/template_drone_control_node.cpp.o] Error 1
[3.744s] make[1]: *** [CMakeFiles/Makefile2:105: CMakeFiles/template_drone_control_node.dir/all] Error 2
[3.744s] make: *** [Makefile:141: all] Error 2
[3.746s] Invoked command in '/home/lrs-ubuntu/Desktop/LRS/LRS-FEI/workspace/build/template_drone_control' returned '2': CMAKE_PREFIX_PATH=/opt/ros/foxy /usr/bin/cmake --build /home/lrs-ubuntu/Desktop/LRS/LRS-FEI/workspace/build/template_drone_control -- -j12 -l12
